

ABBANK
ALARABANK
BANKASIA
BRACBANK
CITYBANK
DHAKABANK
DUTCHBANGL
EBL
EXIMBANK
FIRSTSBANK
ICBIBANK
IFIC
ISLAMIBANK
JAMUNABANK
MERCANBANK
MTB
NBL
NCCBANK
ONEBANKLTD
PREMIERBAN
PRIMEBANK
PUBALIBANK
RUPALIBANK
SHAHJABANK
SIBL
SOUTHEASTB
STANDBANKL
TRUSTBANK
UCB
UTTARABANK
ARAMITCEM
CONFIDCEM
HEIDELBCEM
LHBL
MEGHNACEM
MICEMENT
PREMIERCEM
FUWANGCER
MONNOCERA
RAKCERAMIC
SPCERAMICS
STANCERAM
IBBLPBOND
DEBARACEM
DEBBDLUGG
DEBBDWELD
DEBBDZIPP
DEBBXDENIM
DEBBXFISH
DEBBXKNI
DEBBXTEX
AFTABAUTO
ANWARGALV
APOLOISPAT
ATLASBANG
AZIZPIPES
BBS
BBSCABLES
BDAUTOCA
BDLAMPS
BDTHAI
BENGALWTL
BSRMLTD
BSRMSTEEL
COPPERTECH
DESHBANDHU
ECABLES
GOLDENSON
GPHISPAT
IFADAUTOS
KAYQUE
KDSALTD
MONNOSTAF
NAHEEACP
NAVANACNG
NPOLYMAR
NTLTUBES
OAL
OIMEX
QUASEMIND
RANFOUNDRY
RENWICKJA
RSRMSTEEL
RUNNERAUTO
SALAMCRST
SHURWID
SINGERBD
SSSTEEL
WMSHIPYARD
YPL
BAYLEASING
BDFINANCE
BIFC
DBH
FAREASTFIN
FASFIN
FIRSTFIN
GSPFINANCE
ICB
IDLC
ILFSL
IPDC
ISLAMICFIN
LANKABAFIN
MIDASFIN
NHFIL
PHOENIXFIN
PLFSL
PREMIERLEA
PRIMEFIN
UNIONCAP
UNITEDFIN
UTTARAFIN
AMCLPRAN
APEXFOODS
BANGAS
BATBC
BEACHHATCH
EMERALDOIL
FINEFOODS
FUWANGFOOD
GEMINISEA
GHAIL
MEGCONMILK
MEGHNAPET
NTC
OLYMPIC
RDFOOD
SHYAMPSUG
ZEALBANGLA
BARKAPOWER
BDWELDING
CVOPRL
DESCO
DOREENPWR
EASTRNLUB
GBBPOWER
INTRACO
JAMUNAOIL
KPCL
LINDEBD
MJLBD
MPETROLEUM
PADMAOIL
POWERGRID
SPCL
SUMITPOWER
TITASGAS
UPGDCL
AGRANINS
ASIAINS
ASIAPACINS
BGIC
BNICL
CENTRALINS
CITYGENINS
CONTININS
DELTALIFE
DHAKAINS
EASTERNINS
EASTLAND
FAREASTLIF
FEDERALINS
GLOBALINS
GREENDELT
ISLAMIINS
JANATAINS
KARNAPHULI
MEGHNALIFE
MERCINS
NATLIFEINS
NITOLINS
NORTHRNINS
PADMALIFE
PARAMOUNT
PEOPLESINS
PHENIXINS
PIONEERINS
POPULARLIF
PRAGATIINS
PRAGATILIF
PRIMEINSUR
PRIMELIFE
PROGRESLIF
PROVATIINS
PURABIGEN
RELIANCINS
REPUBLIC
RUPALIINS
RUPALILIFE
SANDHANINS
SONARBAINS
STANDARINS
SUNLIFEINS
TAKAFULINS
UNITEDINS
AAMRANET
AAMRATECH
AGNISYSL
BDCOM
DAFODILCOM
GENEXIL
INTECH
ISNLTD
ITC
JUTESPINN
NORTHERN
SONALIANSH
AMANFEED
ARAMIT
BERGERPBL
BEXIMCO
BSC
GQBALLPEN
KBPPWBIL
MIRACLEIND
NFML
SAVAREFR
SINOBANGLA
SKTRIMS
USMANIAGL
1JANATAMF
1STPRIMFMF
ABB1STMF
AIBL1STIMF
ATCSLGF
CAPMBDBLMF
CAPMIBBLMF
DBH1STMF
EBL1STMF
EBLNRBMF
EXIM1STMF
FBFIF
GRAMEENS2
GREENDELMF
ICB3RDNRB
ICBAGRANI1
ICBAMCL2ND
ICBEPMF1S1
ICBSONALI1
IFIC1STMF
IFILISLMF1
LRGLOBMF1
MBL1STMF
NCCBLMF1
NLI1STMF
PF1STMF
PHPMF1
POPULAR1MF
PRIME1ICBA
RELIANCE1
SEBL1STMF
SEMLFBSLGF
SEMLIBBLSF
SEMLLECMF
TRUSTB1MF
VAMLBDMF1
VAMLRBBF
BPML
HAKKANIPUL
KPPL
ACI
ACIFORMULA
ACMELAB
ACTIVEFINE
ADVENT
AFCAGRO
AMBEEPHA
BEACONPHAR
BXPHARMA
BXSYNTH
CENTRALPHL
FARCHEM
GHCL
GLAXOSMITH
IBNSINA
IBP
IMAMBUTTON
JMISMDL
KEYACOSMET
KOHINOOR
LIBRAINFU
MARICO
ORIONINFU
ORIONPHARM
PHARMAID
RECKITTBEN
RENATA
SALVOCHEM
SILCOPHL
SILVAPHL
SQURPHARMA
WATACHEM
EHL
SAIFPOWER
SAMORITA
SAPORTL
APEXFOOT
APEXTANRY
BATASHOE
FORTUNE
LEGACYFOOT
SAMATALETH
BSCCL
GP
ACFL
AIL
ALHAJTEX
ALIF
ALLTEX
ANLIMAYARN
APEXSPINN
ARGONDENIM
CNATEX
DACCADYE
DELTASPINN
DSHGARME
DSSL
DULAMIACOT
ENVOYTEX
ESQUIRENIT
ETL
FAMILYTEX
FEKDIL
GENNEXT
HFL
HRTEX
HWAWELLTEX
KTL
MAKSONSPIN
MALEKSPIN
MATINSPINN
METROSPIN
MHSML
MITHUNKNIT
MLDYEING
NEWLINE
NURANI
PDL
PRIMETEX
PTL
QUEENSOUTH
RAHIMTEXT
REGENTTEX
RNSPIN
SAFKOSPINN
SAIHAMCOT
SAIHAMTEX
SHASHADNIM
SHEPHERD
SIMTEX
SONARGAON
SQUARETEXT
STYLECRAFT
TALLUSPIN
TOSRIFA
TUNGHAI
VFSTDL
ZAHEENSPIN
ZAHINTEX
BDSERVICE
PENINSULA
SEAPEARL
UNIQUEHRL
UNITEDAIR
<industry name='Bank'>
<company code='ABBANK'>ABBANK</company>
<company code='ALARABANK'>ALARABANK</company>
<company code='BANKASIA'>BANKASIA</company>
<company code='BRACBANK'>BRACBANK</company>
<company code='CITYBANK'>CITYBANK</company>
<company code='DHAKABANK'>DHAKABANK</company>
<company code='DUTCHBANGL'>DUTCHBANGL</company>
<company code='EBL'>EBL</company>
<company code='EXIMBANK'>EXIMBANK</company>
<company code='FIRSTSBANK'>FIRSTSBANK</company>
<company code='ICBIBANK'>ICBIBANK</company>
<company code='IFIC'>IFIC</company>
<company code='ISLAMIBANK'>ISLAMIBANK</company>
<company code='JAMUNABANK'>JAMUNABANK</company>
<company code='MERCANBANK'>MERCANBANK</company>
<company code='MTB'>MTB</company>
<company code='NBL'>NBL</company>
<company code='NCCBANK'>NCCBANK</company>
<company code='ONEBANKLTD'>ONEBANKLTD</company>
<company code='PREMIERBAN'>PREMIERBAN</company>
<company code='PRIMEBANK'>PRIMEBANK</company>
<company code='PUBALIBANK'>PUBALIBANK</company>
<company code='RUPALIBANK'>RUPALIBANK</company>
<company code='SHAHJABANK'>SHAHJABANK</company>
<company code='SIBL'>SIBL</company>
<company code='SOUTHEASTB'>SOUTHEASTB</company>
<company code='STANDBANKL'>STANDBANKL</company>
<company code='TRUSTBANK'>TRUSTBANK</company>
<company code='UCB'>UCB</company>
<company code='UTTARABANK'>UTTARABANK</company>
</industry>
<industry name='Cement'>
<company code='ARAMITCEM'>ARAMITCEM</company>
<company code='CONFIDCEM'>CONFIDCEM</company>
<company code='HEIDELBCEM'>HEIDELBCEM</company>
<company code='LHBL'>LHBL</company>
<company code='MEGHNACEM'>MEGHNACEM</company>
<company code='MICEMENT'>MICEMENT</company>
<company code='PREMIERCEM'>PREMIERCEM</company>
</industry>
<industry name='Ceramics Sector'>
<company code='FUWANGCER'>FUWANGCER</company>
<company code='MONNOCERA'>MONNOCERA</company>
<company code='RAKCERAMIC'>RAKCERAMIC</company>
<company code='SPCERAMICS'>SPCERAMICS</company>
<company code='STANCERAM'>STANCERAM</company>
</industry>
<industry name='Corporate Bond'>
<company code='IBBLPBOND'>IBBLPBOND</company>
</industry>
<industry name='Debenture'>
<company code='DEBARACEM'>DEBARACEM</company>
<company code='DEBBDLUGG'>DEBBDLUGG</company>
<company code='DEBBDWELD'>DEBBDWELD</company>
<company code='DEBBDZIPP'>DEBBDZIPP</company>
<company code='DEBBXDENIM'>DEBBXDENIM</company>
<company code='DEBBXFISH'>DEBBXFISH</company>
<company code='DEBBXKNI'>DEBBXKNI</company>
<company code='DEBBXTEX'>DEBBXTEX</company>
</industry>
<industry name='Engineering'>
<company code='AFTABAUTO'>AFTABAUTO</company>
<company code='ANWARGALV'>ANWARGALV</company>
<company code='APOLOISPAT'>APOLOISPAT</company>
<company code='ATLASBANG'>ATLASBANG</company>
<company code='AZIZPIPES'>AZIZPIPES</company>
<company code='BBS'>BBS</company>
<company code='BBSCABLES'>BBSCABLES</company>
<company code='BDAUTOCA'>BDAUTOCA</company>
<company code='BDLAMPS'>BDLAMPS</company>
<company code='BDTHAI'>BDTHAI</company>
<company code='BENGALWTL'>BENGALWTL</company>
<company code='BSRMLTD'>BSRMLTD</company>
<company code='BSRMSTEEL'>BSRMSTEEL</company>
<company code='COPPERTECH'>COPPERTECH</company>
<company code='DESHBANDHU'>DESHBANDHU</company>
<company code='ECABLES'>ECABLES</company>
<company code='GOLDENSON'>GOLDENSON</company>
<company code='GPHISPAT'>GPHISPAT</company>
<company code='IFADAUTOS'>IFADAUTOS</company>
<company code='KAYQUE'>KAY&QUE</company>
<company code='KDSALTD'>KDSALTD</company>
<company code='MONNOSTAF'>MONNOSTAF</company>
<company code='NAHEEACP'>NAHEEACP</company>
<company code='NAVANACNG'>NAVANACNG</company>
<company code='NPOLYMAR'>NPOLYMAR</company>
<company code='NTLTUBES'>NTLTUBES</company>
<company code='OAL'>OAL</company>
<company code='OIMEX'>OIMEX</company>
<company code='QUASEMIND'>QUASEMIND</company>
<company code='RANFOUNDRY'>RANFOUNDRY</company>
<company code='RENWICKJA'>RENWICKJA</company>
<company code='RSRMSTEEL'>RSRMSTEEL</company>
<company code='RUNNERAUTO'>RUNNERAUTO</company>
<company code='SALAMCRST'>SALAMCRST</company>
<company code='SHURWID'>SHURWID</company>
<company code='SINGERBD'>SINGERBD</company>
<company code='SSSTEEL'>SSSTEEL</company>
<company code='WMSHIPYARD'>WMSHIPYARD</company>
<company code='YPL'>YPL</company>
</industry>
<industry name='Financial Institutions'>
<company code='BAYLEASING'>BAYLEASING</company>
<company code='BDFINANCE'>BDFINANCE</company>
<company code='BIFC'>BIFC</company>
<company code='DBH'>DBH</company>
<company code='FAREASTFIN'>FAREASTFIN</company>
<company code='FASFIN'>FASFIN</company>
<company code='FIRSTFIN'>FIRSTFIN</company>
<company code='GSPFINANCE'>GSPFINANCE</company>
<company code='ICB'>ICB</company>
<company code='IDLC'>IDLC</company>
<company code='ILFSL'>ILFSL</company>
<company code='IPDC'>IPDC</company>
<company code='ISLAMICFIN'>ISLAMICFIN</company>
<company code='LANKABAFIN'>LANKABAFIN</company>
<company code='MIDASFIN'>MIDASFIN</company>
<company code='NHFIL'>NHFIL</company>
<company code='PHOENIXFIN'>PHOENIXFIN</company>
<company code='PLFSL'>PLFSL</company>
<company code='PREMIERLEA'>PREMIERLEA</company>
<company code='PRIMEFIN'>PRIMEFIN</company>
<company code='UNIONCAP'>UNIONCAP</company>
<company code='UNITEDFIN'>UNITEDFIN</company>
<company code='UTTARAFIN'>UTTARAFIN</company>
</industry>
<industry name='Food & Allied'>
<company code='AMCLPRAN'>AMCL(PRAN)</company>
<company code='APEXFOODS'>APEXFOODS</company>
<company code='BANGAS'>BANGAS</company>
<company code='BATBC'>BATBC</company>
<company code='BEACHHATCH'>BEACHHATCH</company>
<company code='EMERALDOIL'>EMERALDOIL</company>
<company code='FINEFOODS'>FINEFOODS</company>
<company code='FUWANGFOOD'>FUWANGFOOD</company>
<company code='GEMINISEA'>GEMINISEA</company>
<company code='GHAIL'>GHAIL</company>
<company code='MEGCONMILK'>MEGCONMILK</company>
<company code='MEGHNAPET'>MEGHNAPET</company>
<company code='NTC'>NTC</company>
<company code='OLYMPIC'>OLYMPIC</company>
<company code='RDFOOD'>RDFOOD</company>
<company code='SHYAMPSUG'>SHYAMPSUG</company>
<company code='ZEALBANGLA'>ZEALBANGLA</company>
</industry>
<industry name='Fuel & Power'>
<company code='BARKAPOWER'>BARKAPOWER</company>
<company code='BDWELDING'>BDWELDING</company>
<company code='CVOPRL'>CVOPRL</company>
<company code='DESCO'>DESCO</company>
<company code='DOREENPWR'>DOREENPWR</company>
<company code='EASTRNLUB'>EASTRNLUB</company>
<company code='GBBPOWER'>GBBPOWER</company>
<company code='INTRACO'>INTRACO</company>
<company code='JAMUNAOIL'>JAMUNAOIL</company>
<company code='KPCL'>KPCL</company>
<company code='LINDEBD'>LINDEBD</company>
<company code='MJLBD'>MJLBD</company>
<company code='MPETROLEUM'>MPETROLEUM</company>
<company code='PADMAOIL'>PADMAOIL</company>
<company code='POWERGRID'>POWERGRID</company>
<company code='SPCL'>SPCL</company>
<company code='SUMITPOWER'>SUMITPOWER</company>
<company code='TITASGAS'>TITASGAS</company>
<company code='UPGDCL'>UPGDCL</company>
</industry>
<industry name='Insurance'>
<company code='AGRANINS'>AGRANINS</company>
<company code='ASIAINS'>ASIAINS</company>
<company code='ASIAPACINS'>ASIAPACINS</company>
<company code='BGIC'>BGIC</company>
<company code='BNICL'>BNICL</company>
<company code='CENTRALINS'>CENTRALINS</company>
<company code='CITYGENINS'>CITYGENINS</company>
<company code='CONTININS'>CONTININS</company>
<company code='DELTALIFE'>DELTALIFE</company>
<company code='DHAKAINS'>DHAKAINS</company>
<company code='EASTERNINS'>EASTERNINS</company>
<company code='EASTLAND'>EASTLAND</company>
<company code='FAREASTLIF'>FAREASTLIF</company>
<company code='FEDERALINS'>FEDERALINS</company>
<company code='GLOBALINS'>GLOBALINS</company>
<company code='GREENDELT'>GREENDELT</company>
<company code='ISLAMIINS'>ISLAMIINS</company>
<company code='JANATAINS'>JANATAINS</company>
<company code='KARNAPHULI'>KARNAPHULI</company>
<company code='MEGHNALIFE'>MEGHNALIFE</company>
<company code='MERCINS'>MERCINS</company>
<company code='NATLIFEINS'>NATLIFEINS</company>
<company code='NITOLINS'>NITOLINS</company>
<company code='NORTHRNINS'>NORTHRNINS</company>
<company code='PADMALIFE'>PADMALIFE</company>
<company code='PARAMOUNT'>PARAMOUNT</company>
<company code='PEOPLESINS'>PEOPLESINS</company>
<company code='PHENIXINS'>PHENIXINS</company>
<company code='PIONEERINS'>PIONEERINS</company>
<company code='POPULARLIF'>POPULARLIF</company>
<company code='PRAGATIINS'>PRAGATIINS</company>
<company code='PRAGATILIF'>PRAGATILIF</company>
<company code='PRIMEINSUR'>PRIMEINSUR</company>
<company code='PRIMELIFE'>PRIMELIFE</company>
<company code='PROGRESLIF'>PROGRESLIF</company>
<company code='PROVATIINS'>PROVATIINS</company>
<company code='PURABIGEN'>PURABIGEN</company>
<company code='RELIANCINS'>RELIANCINS</company>
<company code='REPUBLIC'>REPUBLIC</company>
<company code='RUPALIINS'>RUPALIINS</company>
<company code='RUPALILIFE'>RUPALILIFE</company>
<company code='SANDHANINS'>SANDHANINS</company>
<company code='SONARBAINS'>SONARBAINS</company>
<company code='STANDARINS'>STANDARINS</company>
<company code='SUNLIFEINS'>SUNLIFEINS</company>
<company code='TAKAFULINS'>TAKAFULINS</company>
<company code='UNITEDINS'>UNITEDINS</company>
</industry>
<industry name='IT Sector'>
<company code='AAMRANET'>AAMRANET</company>
<company code='AAMRATECH'>AAMRATECH</company>
<company code='AGNISYSL'>AGNISYSL</company>
<company code='BDCOM'>BDCOM</company>
<company code='DAFODILCOM'>DAFODILCOM</company>
<company code='GENEXIL'>GENEXIL</company>
<company code='INTECH'>INTECH</company>
<company code='ISNLTD'>ISNLTD</company>
<company code='ITC'>ITC</company>
</industry>
<industry name='Jute'>
<company code='JUTESPINN'>JUTESPINN</company>
<company code='NORTHERN'>NORTHERN</company>
<company code='SONALIANSH'>SONALIANSH</company>
</industry>
<industry name='Miscellaneous'>
<company code='AMANFEED'>AMANFEED</company>
<company code='ARAMIT'>ARAMIT</company>
<company code='BERGERPBL'>BERGERPBL</company>
<company code='BEXIMCO'>BEXIMCO</company>
<company code='BSC'>BSC</company>
<company code='GQBALLPEN'>GQBALLPEN</company>
<company code='KBPPWBIL'>KBPPWBIL</company>
<company code='MIRACLEIND'>MIRACLEIND</company>
<company code='NFML'>NFML</company>
<company code='SAVAREFR'>SAVAREFR</company>
<company code='SINOBANGLA'>SINOBANGLA</company>
<company code='SKTRIMS'>SKTRIMS</company>
<company code='USMANIAGL'>USMANIAGL</company>
</industry>
<industry name='Mutual Funds'>
<company code='1JANATAMF'>1JANATAMF</company>
<company code='1STPRIMFMF'>1STPRIMFMF</company>
<company code='ABB1STMF'>ABB1STMF</company>
<company code='AIBL1STIMF'>AIBL1STIMF</company>
<company code='ATCSLGF'>ATCSLGF</company>
<company code='CAPMBDBLMF'>CAPMBDBLMF</company>
<company code='CAPMIBBLMF'>CAPMIBBLMF</company>
<company code='DBH1STMF'>DBH1STMF</company>
<company code='EBL1STMF'>EBL1STMF</company>
<company code='EBLNRBMF'>EBLNRBMF</company>
<company code='EXIM1STMF'>EXIM1STMF</company>
<company code='FBFIF'>FBFIF</company>
<company code='GRAMEENS2'>GRAMEENS2</company>
<company code='GREENDELMF'>GREENDELMF</company>
<company code='ICB3RDNRB'>ICB3RDNRB</company>
<company code='ICBAGRANI1'>ICBAGRANI1</company>
<company code='ICBAMCL2ND'>ICBAMCL2ND</company>
<company code='ICBEPMF1S1'>ICBEPMF1S1</company>
<company code='ICBSONALI1'>ICBSONALI1</company>
<company code='IFIC1STMF'>IFIC1STMF</company>
<company code='IFILISLMF1'>IFILISLMF1</company>
<company code='LRGLOBMF1'>LRGLOBMF1</company>
<company code='MBL1STMF'>MBL1STMF</company>
<company code='NCCBLMF1'>NCCBLMF1</company>
<company code='NLI1STMF'>NLI1STMF</company>
<company code='PF1STMF'>PF1STMF</company>
<company code='PHPMF1'>PHPMF1</company>
<company code='POPULAR1MF'>POPULAR1MF</company>
<company code='PRIME1ICBA'>PRIME1ICBA</company>
<company code='RELIANCE1'>RELIANCE1</company>
<company code='SEBL1STMF'>SEBL1STMF</company>
<company code='SEMLFBSLGF'>SEMLFBSLGF</company>
<company code='SEMLIBBLSF'>SEMLIBBLSF</company>
<company code='SEMLLECMF'>SEMLLECMF</company>
<company code='TRUSTB1MF'>TRUSTB1MF</company>
<company code='VAMLBDMF1'>VAMLBDMF1</company>
<company code='VAMLRBBF'>VAMLRBBF</company>
</industry>
<industry name='Paper & Printing'>
<company code='BPML'>BPML</company>
<company code='HAKKANIPUL'>HAKKANIPUL</company>
<company code='KPPL'>KPPL</company>
</industry>
<industry name='Pharmaceuticals & Chemicals'>
<company code='ACI'>ACI</company>
<company code='ACIFORMULA'>ACIFORMULA</company>
<company code='ACMELAB'>ACMELAB</company>
<company code='ACTIVEFINE'>ACTIVEFINE</company>
<company code='ADVENT'>ADVENT</company>
<company code='AFCAGRO'>AFCAGRO</company>
<company code='AMBEEPHA'>AMBEEPHA</company>
<company code='BEACONPHAR'>BEACONPHAR</company>
<company code='BXPHARMA'>BXPHARMA</company>
<company code='BXSYNTH'>BXSYNTH</company>
<company code='CENTRALPHL'>CENTRALPHL</company>
<company code='FARCHEM'>FARCHEM</company>
<company code='GHCL'>GHCL</company>
<company code='GLAXOSMITH'>GLAXOSMITH</company>
<company code='IBNSINA'>IBNSINA</company>
<company code='IBP'>IBP</company>
<company code='IMAMBUTTON'>IMAMBUTTON</company>
<company code='JMISMDL'>JMISMDL</company>
<company code='KEYACOSMET'>KEYACOSMET</company>
<company code='KOHINOOR'>KOHINOOR</company>
<company code='LIBRAINFU'>LIBRAINFU</company>
<company code='MARICO'>MARICO</company>
<company code='ORIONINFU'>ORIONINFU</company>
<company code='ORIONPHARM'>ORIONPHARM</company>
<company code='PHARMAID'>PHARMAID</company>
<company code='RECKITTBEN'>RECKITTBEN</company>
<company code='RENATA'>RENATA</company>
<company code='SALVOCHEM'>SALVOCHEM</company>
<company code='SILCOPHL'>SILCOPHL</company>
<company code='SILVAPHL'>SILVAPHL</company>
<company code='SQURPHARMA'>SQURPHARMA</company>
<company code='WATACHEM'>WATACHEM</company>
</industry>
<industry name='Services & Real Estate'>
<company code='EHL'>EHL</company>
<company code='SAIFPOWER'>SAIFPOWER</company>
<company code='SAMORITA'>SAMORITA</company>
<company code='SAPORTL'>SAPORTL</company>
</industry>
<industry name='Tannery Industries'>
<company code='APEXFOOT'>APEXFOOT</company>
<company code='APEXTANRY'>APEXTANRY</company>
<company code='BATASHOE'>BATASHOE</company>
<company code='FORTUNE'>FORTUNE</company>
<company code='LEGACYFOOT'>LEGACYFOOT</company>
<company code='SAMATALETH'>SAMATALETH</company>
</industry>
<industry name='Telecommunication'>
<company code='BSCCL'>BSCCL</company>
<company code='GP'>GP</company>
</industry>
<industry name='Textile'>
<company code='ACFL'>ACFL</company>
<company code='AIL'>AIL</company>
<company code='ALHAJTEX'>AL-HAJTEX</company>
<company code='ALIF'>ALIF</company>
<company code='ALLTEX'>ALLTEX</company>
<company code='ANLIMAYARN'>ANLIMAYARN</company>
<company code='APEXSPINN'>APEXSPINN</company>
<company code='ARGONDENIM'>ARGONDENIM</company>
<company code='CNATEX'>CNATEX</company>
<company code='DACCADYE'>DACCADYE</company>
<company code='DELTASPINN'>DELTASPINN</company>
<company code='DSHGARME'>DSHGARME</company>
<company code='DSSL'>DSSL</company>
<company code='DULAMIACOT'>DULAMIACOT</company>
<company code='ENVOYTEX'>ENVOYTEX</company>
<company code='ESQUIRENIT'>ESQUIRENIT</company>
<company code='ETL'>ETL</company>
<company code='FAMILYTEX'>FAMILYTEX</company>
<company code='FEKDIL'>FEKDIL</company>
<company code='GENNEXT'>GENNEXT</company>
<company code='HFL'>HFL</company>
<company code='HRTEX'>HRTEX</company>
<company code='HWAWELLTEX'>HWAWELLTEX</company>
<company code='KTL'>KTL</company>
<company code='MAKSONSPIN'>MAKSONSPIN</company>
<company code='MALEKSPIN'>MALEKSPIN</company>
<company code='MATINSPINN'>MATINSPINN</company>
<company code='METROSPIN'>METROSPIN</company>
<company code='MHSML'>MHSML</company>
<company code='MITHUNKNIT'>MITHUNKNIT</company>
<company code='MLDYEING'>MLDYEING</company>
<company code='NEWLINE'>NEWLINE</company>
<company code='NURANI'>NURANI</company>
<company code='PDL'>PDL</company>
<company code='PRIMETEX'>PRIMETEX</company>
<company code='PTL'>PTL</company>
<company code='QUEENSOUTH'>QUEENSOUTH</company>
<company code='RAHIMTEXT'>RAHIMTEXT</company>
<company code='REGENTTEX'>REGENTTEX</company>
<company code='RNSPIN'>RNSPIN</company>
<company code='SAFKOSPINN'>SAFKOSPINN</company>
<company code='SAIHAMCOT'>SAIHAMCOT</company>
<company code='SAIHAMTEX'>SAIHAMTEX</company>
<company code='SHASHADNIM'>SHASHADNIM</company>
<company code='SHEPHERD'>SHEPHERD</company>
<company code='SIMTEX'>SIMTEX</company>
<company code='SONARGAON'>SONARGAON</company>
<company code='SQUARETEXT'>SQUARETEXT</company>
<company code='STYLECRAFT'>STYLECRAFT</company>
<company code='TALLUSPIN'>TALLUSPIN</company>
<company code='TOSRIFA'>TOSRIFA</company>
<company code='TUNGHAI'>TUNGHAI</company>
<company code='VFSTDL'>VFSTDL</company>
<company code='ZAHEENSPIN'>ZAHEENSPIN</company>
<company code='ZAHINTEX'>ZAHINTEX</company>
</industry>
<industry name='Travel & Leisure'>
<company code='BDSERVICE'>BDSERVICE</company>
<company code='PENINSULA'>PENINSULA</company>
<company code='SEAPEARL'>SEAPEARL</company>
<company code='UNIQUEHRL'>UNIQUEHRL</company>
<company code='UNITEDAIR'>UNITEDAIR</company>
</industry>
